<?xml version="1.0" encoding="UTF-8"?>
<testsuite xmlns:xsi="http://www.w3.org/2001/XMLSchema-instance" xsi:noNamespaceSchemaLocation="https://maven.apache.org/surefire/maven-surefire-plugin/xsd/surefire-test-report-3.0.xsd" version="3.0" name="ef_kory_test.RunCucumberTest" time="23.28" tests="7" errors="1" skipped="6" failures="0">
  <properties>
[...]
</properties>
  <testcase name="Playing Music" classname="Play Youtube Music" time="0">
    <skipped message="&apos;cucumber.filter.tags=@repeat_music&apos; did not match this scenario"/>
  </testcase>
  <testcase name="Paused Youtube Music" classname="Play Youtube Music" time="0">
    <skipped message="&apos;cucumber.filter.tags=@repeat_music&apos; did not match this scenario"/>
  </testcase>
  <testcase name="Play Back Youtube Music" classname="Play Youtube Music" time="0">
    <skipped message="&apos;cucumber.filter.tags=@repeat_music&apos; did not match this scenario"/>
  </testcase>
  <testcase name="Play Next Youtube Music" classname="Play Youtube Music" time="0">
    <skipped message="&apos;cucumber.filter.tags=@repeat_music&apos; did not match this scenario"/>
  </testcase>
  <testcase name="Repeat Youtube Music" classname="Play Youtube Music" time="23.098">
    <error message="no such element: Unable to locate element: {&quot;method&quot;:&quot;css selector&quot;,&quot;selector&quot;:&quot;.repeat\ style\-scope\ ytmusic\-player\-bar&quot;}&#10;  (Session info: chrome=106.0.5249.61)&#10;For documentation on this error, please visit: http://seleniumhq.org/exceptions/no_such_element.html&#10;Build info: version: &apos;3.14.0&apos;, revision: &apos;aacccce0&apos;, time: &apos;2018-08-02T20:19:58.91Z&apos;&#10;System info: host: &apos;Korys-MacBook-Pro.local&apos;, ip: &apos;fe80:0:0:0:cbf:1c1e:da08:d7cb%en0&apos;, os.name: &apos;Mac OS X&apos;, os.arch: &apos;x86_64&apos;, os.version: &apos;12.4&apos;, java.version: &apos;1.8.0_321&apos;&#10;Driver info: org.openqa.selenium.chrome.ChromeDriver&#10;Capabilities {acceptInsecureCerts: false, browserName: chrome, browserVersion: 106.0.5249.61, chrome: {chromedriverVersion: 106.0.5249.61 (511755355844..., userDataDir: /var/folders/6h/v7xjf0bn4y3...}, goog:chromeOptions: {debuggerAddress: localhost:64335}, javascriptEnabled: true, networkConnectionEnabled: false, pageLoadStrategy: normal, platform: MAC, platformName: MAC, proxy: Proxy(), setWindowRect: true, strictFileInteractability: false, timeouts: {implicit: 0, pageLoad: 300000, script: 30000}, unhandledPromptBehavior: dismiss and notify, webauthn:extension:credBlob: true, webauthn:extension:largeBlob: true, webauthn:virtualAuthenticators: true}&#10;Session ID: 9cdc5f972072947f921093f0fc90e1f7&#10;*** Element info: {Using=class name, value=repeat style-scope ytmusic-player-bar}" type="org.openqa.selenium.NoSuchElementException"><![CDATA[org.openqa.selenium.NoSuchElementException: 
no such element: Unable to locate element: {"method":"css selector","selector":".repeat\ style\-scope\ ytmusic\-player\-bar"}
  (Session info: chrome=106.0.5249.61)
For documentation on this error, please visit: http://seleniumhq.org/exceptions/no_such_element.html
Build info: version: '3.14.0', revision: 'aacccce0', time: '2018-08-02T20:19:58.91Z'
System info: host: 'Korys-MacBook-Pro.local', ip: 'fe80:0:0:0:cbf:1c1e:da08:d7cb%en0', os.name: 'Mac OS X', os.arch: 'x86_64', os.version: '12.4', java.version: '1.8.0_321'
Driver info: org.openqa.selenium.chrome.ChromeDriver
Capabilities {acceptInsecureCerts: false, browserName: chrome, browserVersion: 106.0.5249.61, chrome: {chromedriverVersion: 106.0.5249.61 (511755355844..., userDataDir: /var/folders/6h/v7xjf0bn4y3...}, goog:chromeOptions: {debuggerAddress: localhost:64335}, javascriptEnabled: true, networkConnectionEnabled: false, pageLoadStrategy: normal, platform: MAC, platformName: MAC, proxy: Proxy(), setWindowRect: true, strictFileInteractability: false, timeouts: {implicit: 0, pageLoad: 300000, script: 30000}, unhandledPromptBehavior: dismiss and notify, webauthn:extension:credBlob: true, webauthn:extension:largeBlob: true, webauthn:virtualAuthenticators: true}
Session ID: 9cdc5f972072947f921093f0fc90e1f7
*** Element info: {Using=class name, value=repeat style-scope ytmusic-player-bar}
	at sun.reflect.NativeConstructorAccessorImpl.newInstance0(Native Method)
	at sun.reflect.NativeConstructorAccessorImpl.newInstance(NativeConstructorAccessorImpl.java:62)
	at sun.reflect.DelegatingConstructorAccessorImpl.newInstance(DelegatingConstructorAccessorImpl.java:45)
	at java.lang.reflect.Constructor.newInstance(Constructor.java:423)
	at org.openqa.selenium.remote.http.W3CHttpResponseCodec.createException(W3CHttpResponseCodec.java:187)
	at org.openqa.selenium.remote.http.W3CHttpResponseCodec.decode(W3CHttpResponseCodec.java:122)
	at org.openqa.selenium.remote.http.W3CHttpResponseCodec.decode(W3CHttpResponseCodec.java:49)
	at org.openqa.selenium.remote.HttpCommandExecutor.execute(HttpCommandExecutor.java:158)
	at org.openqa.selenium.remote.service.DriverCommandExecutor.execute(DriverCommandExecutor.java:83)
	at org.openqa.selenium.remote.RemoteWebDriver.execute(RemoteWebDriver.java:545)
	at org.openqa.selenium.remote.RemoteWebDriver.findElement(RemoteWebDriver.java:319)
	at org.openqa.selenium.remote.RemoteWebDriver.findElementByClassName(RemoteWebDriver.java:405)
	at org.openqa.selenium.By$ByClassName.findElement(By.java:389)
	at org.openqa.selenium.remote.RemoteWebDriver.findElement(RemoteWebDriver.java:311)
	at ef_kory_test.StepDefinitions.userClickTheRepeatIcon(StepDefinitions.java:120)
	at ✽.user click the repeat icon(classpath:ef_kory_test/example.feature:45)
]]></error>
    <system-out><![CDATA[
@test @tc_ef_001 @repeat_music
Scenario: Repeat Youtube Music                                   &amp#27;[90m# ef_kory_test/example.feature:41&amp#27;[0m
  &amp#27;[32mGiven &amp#27;[0m&amp#27;[32muser visit Youtube Music home page&amp#27;[0m                       &amp#27;[90m# ef_kory_test.StepDefinitions.userVisitYoutubeMusicHomePage()&amp#27;[0m
  &amp#27;[32mAnd &amp#27;[0m&amp#27;[32muser click the play icon on the first song in the carousel&amp#27;[0m &amp#27;[90m# ef_kory_test.StepDefinitions.userClickThePlayIconOnTheFirstSongInTheCarousel()&amp#27;[0m
  &amp#27;[31mWhen &amp#27;[0m&amp#27;[31muser click the repeat icon&amp#27;[0m                                &amp#27;[90m# ef_kory_test.StepDefinitions.userClickTheRepeatIcon()&amp#27;[0m
      &amp#27;[31morg.openqa.selenium.NoSuchElementException: no such element: Unable to locate element: {"method":"css selector","selector":".repeat\ style\-scope\ ytmusic\-player\-bar"}
  (Session info: chrome=106.0.5249.61)
For documentation on this error, please visit: http://seleniumhq.org/exceptions/no_such_element.html
Build info: version: '3.14.0', revision: 'aacccce0', time: '2018-08-02T20:19:58.91Z'
System info: host: 'Korys-MacBook-Pro.local', ip: 'fe80:0:0:0:cbf:1c1e:da08:d7cb%en0', os.name: 'Mac OS X', os.arch: 'x86_64', os.version: '12.4', java.version: '1.8.0_321'
Driver info: org.openqa.selenium.chrome.ChromeDriver
Capabilities {acceptInsecureCerts: false, browserName: chrome, browserVersion: 106.0.5249.61, chrome: {chromedriverVersion: 106.0.5249.61 (511755355844..., userDataDir: /var/folders/6h/v7xjf0bn4y3...}, goog:chromeOptions: {debuggerAddress: localhost:64335}, javascriptEnabled: true, networkConnectionEnabled: false, pageLoadStrategy: normal, platform: MAC, platformName: MAC, proxy: Proxy(), setWindowRect: true, strictFileInteractability: false, timeouts: {implicit: 0, pageLoad: 300000, script: 30000}, unhandledPromptBehavior: dismiss and notify, webauthn:extension:credBlob: true, webauthn:extension:largeBlob: true, webauthn:virtualAuthenticators: true}
Session ID: 9cdc5f972072947f921093f0fc90e1f7
*** Element info: {Using=class name, value=repeat style-scope ytmusic-player-bar}
	at sun.reflect.NativeConstructorAccessorImpl.newInstance0(Native Method)
	at sun.reflect.NativeConstructorAccessorImpl.newInstance(NativeConstructorAccessorImpl.java:62)
	at sun.reflect.DelegatingConstructorAccessorImpl.newInstance(DelegatingConstructorAccessorImpl.java:45)
	at java.lang.reflect.Constructor.newInstance(Constructor.java:423)
	at org.openqa.selenium.remote.http.W3CHttpResponseCodec.createException(W3CHttpResponseCodec.java:187)
	at org.openqa.selenium.remote.http.W3CHttpResponseCodec.decode(W3CHttpResponseCodec.java:122)
	at org.openqa.selenium.remote.http.W3CHttpResponseCodec.decode(W3CHttpResponseCodec.java:49)
	at org.openqa.selenium.remote.HttpCommandExecutor.execute(HttpCommandExecutor.java:158)
	at org.openqa.selenium.remote.service.DriverCommandExecutor.execute(DriverCommandExecutor.java:83)
	at org.openqa.selenium.remote.RemoteWebDriver.execute(RemoteWebDriver.java:545)
	at org.openqa.selenium.remote.RemoteWebDriver.findElement(RemoteWebDriver.java:319)
	at org.openqa.selenium.remote.RemoteWebDriver.findElementByClassName(RemoteWebDriver.java:405)
	at org.openqa.selenium.By$ByClassName.findElement(By.java:389)
	at org.openqa.selenium.remote.RemoteWebDriver.findElement(RemoteWebDriver.java:311)
	at ef_kory_test.StepDefinitions.userClickTheRepeatIcon(StepDefinitions.java:120)
	at ✽.user click the repeat icon(classpath:ef_kory_test/example.feature:45)
&amp#27;[0m
  &amp#27;[36mThen &amp#27;[0m&amp#27;[36muser should hear the music repeated icon is active&amp#27;[0m        &amp#27;[90m# ef_kory_test.StepDefinitions.userShouldHearTheMusicRepeatedIconIsActive()&amp#27;[0m
]]></system-out>
    <system-err><![CDATA[Starting ChromeDriver 106.0.5249.61 (511755355844955cd3e264779baf0dd38212a4d0-refs/branch-heads/5249@{#569}) on port 15451
Only local connections are allowed.
Please see https://chromedriver.chromium.org/security-considerations for suggestions on keeping ChromeDriver safe.
ChromeDriver was started successfully.
Sep 30, 2022 2:45:24 PM org.openqa.selenium.remote.ProtocolHandshake createSession
INFO: Detected dialect: W3C
]]></system-err>
  </testcase>
  <testcase name="Repeat Youtube Music" classname="Play Youtube Music" time="0">
    <skipped message="&apos;cucumber.filter.tags=@repeat_music&apos; did not match this scenario"/>
  </testcase>
  <testcase name="Repeat Youtube Music" classname="Play Youtube Music" time="0">
    <skipped message="&apos;cucumber.filter.tags=@repeat_music&apos; did not match this scenario"/>
  </testcase>
</testsuite>